<?xml version="1.0" encoding="UTF-8"?>
<!-- Generated by org.testng.reporters.JUnitXMLReporter -->
<testsuite hostname="DESKTOP-2LM1G75" ignored="14" name="Regression Test" tests="29" failures="0" timestamp="2023-01-28T09:19:53 WAT" time="106.92" errors="0">
  <testcase name="UserCanCompareProducts" time="12.744" classname="tests.AddProductToCompareTest"/>
  <testcase name="UserCanClearCompareList" time="0.994" classname="tests.AddProductToCompareTest"/>
  <testcase name="UserCanRegisterSuccssfully" time="2.433" classname="tests.EmailFriendTest"/>
  <testcase name="RegisteredUserCanLogin" time="1.892" classname="tests.EmailFriendTest"/>
  <testcase name="UserCanSearchWithAutoSuggest" time="2.279" classname="tests.EmailFriendTest"/>
  <testcase name="RegisteredUserCanSendProductToFriend" time="1.468" classname="tests.EmailFriendTest"/>
  <testcase name="RegisteredUserCanLogout" time="0.86" classname="tests.EmailFriendTest"/>
  <testcase name="UserCanRegisterSuccssfully" time="2.466" classname="tests.AddProductReviewTest"/>
  <testcase name="RegisteredUserCanLogin" time="1.726" classname="tests.AddProductReviewTest"/>
  <testcase name="UserCanSearchWithAutoSuggest" time="2.205" classname="tests.AddProductReviewTest"/>
  <testcase name="RegisteredUserCanReviewProduct" time="1.862" classname="tests.AddProductReviewTest"/>
  <testcase name="RegisteredUserCanLogout" time="0.801" classname="tests.AddProductReviewTest"/>
  <testcase name="UserCanSelectSubCategoryFromMainMenu" time="1.111" classname="tests.ProductHoverMenuTest"/>
  <testcase name="UserCanRegisterSuccssfully" time="2.447" classname="tests.MyAccountTest"/>
  <testcase name="RegisteredUserCanLogin" time="1.704" classname="tests.MyAccountTest"/>
  <testcase name="RegisteredUserCanChangePassword" time="2.902" classname="tests.MyAccountTest"/>
  <testcase name="RegisteredUserCanLoginAgain" time="1.788" classname="tests.MyAccountTest"/>
  <testcase name="UserLogout" time="0.778" classname="tests.MyAccountTest"/>
  <testcase name="UserCanRegisterSuccssfully" time="2.294" classname="tests.RegisteredUserCheckoutProductTest"/>
  <testcase name="RegisteredUserCanLogin" time="1.631" classname="tests.RegisteredUserCheckoutProductTest"/>
  <testcase name="UserCanSearchWithAutoSuggest" time="2.213" classname="tests.RegisteredUserCheckoutProductTest"/>
  <testcase name="UserCanAddProductToShoppingCart" time="1.786" classname="tests.RegisteredUserCheckoutProductTest"/>
  <testcase name="UserCanCheckoutProduct" time="13.4" classname="tests.RegisteredUserCheckoutProductTest"/>
  <testcase name="RegisteredUserCanLogout" time="1.207" classname="tests.RegisteredUserCheckoutProductTest"/>
  <testcase name="UserCanSearchWithAutoSuggest" time="9.21" classname="tests.SearchProductUsingAutoSuggestTest"/>
  <testcase name="UserCanSearchForProductsWithAutoSuggest" time="10.077" classname="tests.GuestCheckoutProductFromCartTest"/>
  <testcase name="UserCanAddProductToShoppingCart" time="3.776" classname="tests.GuestCheckoutProductFromCartTest"/>
  <testcase name="UserCanCheckoutProduct" time="12.42" classname="tests.GuestCheckoutProductFromCartTest"/>
  <testcase name="UserCanViewOrderDetails" time="6.27" classname="tests.GuestCheckoutProductFromCartTest"/>
  <testcase name="@AfterSuite stopDriver" time="0.0" classname="tests.TestBase">
    <ignored/>
  </testcase> <!-- @AfterSuite stopDriver -->
  <testcase name="@AfterSuite stopDriver" time="0.0" classname="tests.TestBase">
    <ignored/>
  </testcase> <!-- @AfterSuite stopDriver -->
  <testcase name="@AfterSuite stopDriver" time="0.0" classname="tests.TestBase">
    <ignored/>
  </testcase> <!-- @AfterSuite stopDriver -->
  <testcase name="@AfterSuite stopDriver" time="0.0" classname="tests.TestBase">
    <ignored/>
  </testcase> <!-- @AfterSuite stopDriver -->
  <testcase name="@AfterSuite stopDriver" time="0.0" classname="tests.TestBase">
    <ignored/>
  </testcase> <!-- @AfterSuite stopDriver -->
  <testcase name="@AfterSuite stopDriver" time="0.0" classname="tests.TestBase">
    <ignored/>
  </testcase> <!-- @AfterSuite stopDriver -->
  <testcase name="@AfterSuite stopDriver" time="0.0" classname="tests.TestBase">
    <ignored/>
  </testcase> <!-- @AfterSuite stopDriver -->
  <testcase name="@BeforeSuite startDriver" time="0.0" classname="tests.TestBase">
    <ignored/>
  </testcase> <!-- @BeforeSuite startDriver -->
  <testcase name="@BeforeSuite startDriver" time="0.0" classname="tests.TestBase">
    <ignored/>
  </testcase> <!-- @BeforeSuite startDriver -->
  <testcase name="@BeforeSuite startDriver" time="0.0" classname="tests.TestBase">
    <ignored/>
  </testcase> <!-- @BeforeSuite startDriver -->
  <testcase name="@BeforeSuite startDriver" time="0.0" classname="tests.TestBase">
    <ignored/>
  </testcase> <!-- @BeforeSuite startDriver -->
  <testcase name="@BeforeSuite startDriver" time="0.0" classname="tests.TestBase">
    <ignored/>
  </testcase> <!-- @BeforeSuite startDriver -->
  <testcase name="@BeforeSuite startDriver" time="0.0" classname="tests.TestBase">
    <ignored/>
  </testcase> <!-- @BeforeSuite startDriver -->
  <testcase name="@BeforeSuite startDriver" time="0.0" classname="tests.TestBase">
    <ignored/>
  </testcase> <!-- @BeforeSuite startDriver -->
</testsuite> <!-- Regression Test -->
