<?xml version="1.0" encoding="UTF-8"?>
<!-- Generated by org.testng.reporters.JUnitXMLReporter -->
<testsuite hostname="DESKTOP-2LM1G75" ignored="24" name="Regression Test" tests="41" failures="0" timestamp="2023-01-24T12:01:36 WAT" time="140.262" errors="0">
  <testcase name="UserCanUseContactUs" time="3.793" classname="tests.ContactUsTest"/>
  <testcase name="UserCanRegisterSuccssfully" time="3.482" classname="tests.UserRegistrationTest"/>
  <testcase name="RegisteredUserCanLogin" time="2.3" classname="tests.UserRegistrationTest"/>
  <testcase name="RegisteredUserCanLogout" time="1.055" classname="tests.UserRegistrationTest"/>
  <testcase name="UserCanSearchForProducts" time="3.297" classname="tests.SearchProductTest"/>
  <testcase name="UserCanSearchForProductsWithAutoSuggest" time="2.302" classname="tests.AddProductToShoppingCartTest"/>
  <testcase name="UserCanAddProductToShoppingCart" time="2.311" classname="tests.AddProductToShoppingCartTest"/>
  <testcase name="UserCanRemoveProductFromCart" time="2.146" classname="tests.AddProductToShoppingCartTest"/>
  <testcase name="UserCanSearchForProductsWithAutoSuggest" time="2.398" classname="tests.AddProductToWishListTest"/>
  <testcase name="UserCanAddProductToWishlist" time="1.102" classname="tests.AddProductToWishListTest"/>
  <testcase name="UserCanRemoveProductFromCart" time="0.799" classname="tests.AddProductToWishListTest"/>
  <testcase name="UserCanCanChangeCurrency" time="1.264" classname="tests.ChangeCurrencyTest"/>
  <testcase name="UserCanSearchWithAutoSuggest" time="3.403" classname="tests.ChangeCurrencyTest"/>
  <testcase name="UserCanCompareProducts" time="13.623" classname="tests.AddProductToCompareTest"/>
  <testcase name="UserCanClearCompareList" time="1.037" classname="tests.AddProductToCompareTest"/>
  <testcase name="UserCanRegisterSuccssfully" time="3.763" classname="tests.EmailFriendTest"/>
  <testcase name="RegisteredUserCanLogin" time="2.226" classname="tests.EmailFriendTest"/>
  <testcase name="UserCanSearchWithAutoSuggest" time="2.636" classname="tests.EmailFriendTest"/>
  <testcase name="RegisteredUserCanSendProductToFriend" time="2.246" classname="tests.EmailFriendTest"/>
  <testcase name="RegisteredUserCanLogout" time="1.238" classname="tests.EmailFriendTest"/>
  <testcase name="UserCanRegisterSuccssfully" time="2.991" classname="tests.AddProductReviewTest"/>
  <testcase name="RegisteredUserCanLogin" time="2.399" classname="tests.AddProductReviewTest"/>
  <testcase name="UserCanSearchWithAutoSuggest" time="2.733" classname="tests.AddProductReviewTest"/>
  <testcase name="RegisteredUserCanReviewProduct" time="2.264" classname="tests.AddProductReviewTest"/>
  <testcase name="RegisteredUserCanLogout" time="0.981" classname="tests.AddProductReviewTest"/>
  <testcase name="UserCanRegisterSuccssfully" time="2.553" classname="tests.MyAccountTest"/>
  <testcase name="RegisteredUserCanLogin" time="2.326" classname="tests.MyAccountTest"/>
  <testcase name="RegisteredUserCanChangePassword" time="3.579" classname="tests.MyAccountTest"/>
  <testcase name="RegisteredUserCanLoginAgain" time="2.213" classname="tests.MyAccountTest"/>
  <testcase name="UserLogout" time="0.966" classname="tests.MyAccountTest"/>
  <testcase name="UserCanRegisterSuccssfully" time="2.468" classname="tests.RegisteredUserCheckoutProductTest"/>
  <testcase name="RegisteredUserCanLogin" time="1.872" classname="tests.RegisteredUserCheckoutProductTest"/>
  <testcase name="UserCanSearchWithAutoSuggest" time="2.569" classname="tests.RegisteredUserCheckoutProductTest"/>
  <testcase name="UserCanAddProductToShoppingCart" time="2.066" classname="tests.RegisteredUserCheckoutProductTest"/>
  <testcase name="UserCanCheckoutProduct" time="13.989" classname="tests.RegisteredUserCheckoutProductTest"/>
  <testcase name="RegisteredUserCanLogout" time="1.999" classname="tests.RegisteredUserCheckoutProductTest"/>
  <testcase name="UserCanSearchWithAutoSuggest" time="9.898" classname="tests.SearchProductUsingAutoSuggestTest"/>
  <testcase name="UserCanSearchForProductsWithAutoSuggest" time="2.448" classname="tests.GuestCheckoutProductFromCartTest"/>
  <testcase name="UserCanAddProductToShoppingCart" time="3.237" classname="tests.GuestCheckoutProductFromCartTest"/>
  <testcase name="UserCanCheckoutProduct" time="12.302" classname="tests.GuestCheckoutProductFromCartTest"/>
  <testcase name="UserCanViewOrderDetails" time="7.59" classname="tests.GuestCheckoutProductFromCartTest"/>
  <testcase name="@AfterSuite stopDriver" time="0.0" classname="tests.TestBase">
    <ignored/>
  </testcase> <!-- @AfterSuite stopDriver -->
  <testcase name="@AfterSuite stopDriver" time="0.0" classname="tests.TestBase">
    <ignored/>
  </testcase> <!-- @AfterSuite stopDriver -->
  <testcase name="@AfterSuite stopDriver" time="0.0" classname="tests.TestBase">
    <ignored/>
  </testcase> <!-- @AfterSuite stopDriver -->
  <testcase name="@AfterSuite stopDriver" time="0.0" classname="tests.TestBase">
    <ignored/>
  </testcase> <!-- @AfterSuite stopDriver -->
  <testcase name="@AfterSuite stopDriver" time="0.0" classname="tests.TestBase">
    <ignored/>
  </testcase> <!-- @AfterSuite stopDriver -->
  <testcase name="@AfterSuite stopDriver" time="0.0" classname="tests.TestBase">
    <ignored/>
  </testcase> <!-- @AfterSuite stopDriver -->
  <testcase name="@AfterSuite stopDriver" time="0.0" classname="tests.TestBase">
    <ignored/>
  </testcase> <!-- @AfterSuite stopDriver -->
  <testcase name="@AfterSuite stopDriver" time="0.0" classname="tests.TestBase">
    <ignored/>
  </testcase> <!-- @AfterSuite stopDriver -->
  <testcase name="@AfterSuite stopDriver" time="0.0" classname="tests.TestBase">
    <ignored/>
  </testcase> <!-- @AfterSuite stopDriver -->
  <testcase name="@AfterSuite stopDriver" time="0.0" classname="tests.TestBase">
    <ignored/>
  </testcase> <!-- @AfterSuite stopDriver -->
  <testcase name="@AfterSuite stopDriver" time="0.0" classname="tests.TestBase">
    <ignored/>
  </testcase> <!-- @AfterSuite stopDriver -->
  <testcase name="@AfterSuite stopDriver" time="0.0" classname="tests.TestBase">
    <ignored/>
  </testcase> <!-- @AfterSuite stopDriver -->
  <testcase name="@BeforeSuite startDriver" time="0.0" classname="tests.TestBase">
    <ignored/>
  </testcase> <!-- @BeforeSuite startDriver -->
  <testcase name="@BeforeSuite startDriver" time="0.0" classname="tests.TestBase">
    <ignored/>
  </testcase> <!-- @BeforeSuite startDriver -->
  <testcase name="@BeforeSuite startDriver" time="0.0" classname="tests.TestBase">
    <ignored/>
  </testcase> <!-- @BeforeSuite startDriver -->
  <testcase name="@BeforeSuite startDriver" time="0.0" classname="tests.TestBase">
    <ignored/>
  </testcase> <!-- @BeforeSuite startDriver -->
  <testcase name="@BeforeSuite startDriver" time="0.0" classname="tests.TestBase">
    <ignored/>
  </testcase> <!-- @BeforeSuite startDriver -->
  <testcase name="@BeforeSuite startDriver" time="0.0" classname="tests.TestBase">
    <ignored/>
  </testcase> <!-- @BeforeSuite startDriver -->
  <testcase name="@BeforeSuite startDriver" time="0.0" classname="tests.TestBase">
    <ignored/>
  </testcase> <!-- @BeforeSuite startDriver -->
  <testcase name="@BeforeSuite startDriver" time="0.0" classname="tests.TestBase">
    <ignored/>
  </testcase> <!-- @BeforeSuite startDriver -->
  <testcase name="@BeforeSuite startDriver" time="0.0" classname="tests.TestBase">
    <ignored/>
  </testcase> <!-- @BeforeSuite startDriver -->
  <testcase name="@BeforeSuite startDriver" time="0.0" classname="tests.TestBase">
    <ignored/>
  </testcase> <!-- @BeforeSuite startDriver -->
  <testcase name="@BeforeSuite startDriver" time="0.0" classname="tests.TestBase">
    <ignored/>
  </testcase> <!-- @BeforeSuite startDriver -->
  <testcase name="@BeforeSuite startDriver" time="0.0" classname="tests.TestBase">
    <ignored/>
  </testcase> <!-- @BeforeSuite startDriver -->
</testsuite> <!-- Regression Test -->
