<?xml version="1.0" encoding="UTF-8"?>
<testng-results ignored="24" total="27" passed="3" failed="0" skipped="0">
  <reporter-output>
  </reporter-output>
  <suite started-at="2023-01-24T11:27:28Z" name="Regression Suite" finished-at="2023-01-24T11:27:46Z" duration-ms="18249">
    <groups>
    </groups>
    <test started-at="2023-01-24T11:27:28Z" name="Regression Test" finished-at="2023-01-24T11:27:46Z" duration-ms="18249">
      <class name="tests.SearchProductUsingAutoSuggestTest">
        <test-method signature="UserCanSearchWithAutoSuggest()[pri:0, instance:tests.SearchProductUsingAutoSuggestTest@6a03bcb1]" started-at="2023-01-24T11:27:43Z" name="UserCanSearchWithAutoSuggest" finished-at="2023-01-24T11:27:46Z" duration-ms="2950" status="PASS">
          <reporter-output>
          </reporter-output>
        </test-method> <!-- UserCanSearchWithAutoSuggest -->
        <test-method is-config="true" signature="screenshotOnFailure(org.testng.ITestResult)[pri:0, instance:tests.SearchProductUsingAutoSuggestTest@6a03bcb1]" started-at="2023-01-24T11:27:46Z" name="screenshotOnFailure" finished-at="2023-01-24T11:27:46Z" duration-ms="1" status="PASS">
          <params>
            <param index="0">
              <value>
                <![CDATA[[TestResult name=UserCanSearchWithAutoSuggest status=SUCCESS method=SearchProductUsingAutoSuggestTest.UserCanSearchWithAutoSuggest()[pri:0, instance:tests.SearchProductUsingAutoSuggestTest@6a03bcb1] output={null}]]]>
              </value>
            </param>
          </params>
          <reporter-output>
          </reporter-output>
        </test-method> <!-- screenshotOnFailure -->
      </class> <!-- tests.SearchProductUsingAutoSuggestTest -->
      <class name="tests.SearchProductTest">
        <test-method signature="UserCanSearchForProducts()[pri:0, instance:tests.SearchProductTest@6a2b953e]" started-at="2023-01-24T11:27:32Z" name="UserCanSearchForProducts" finished-at="2023-01-24T11:27:43Z" duration-ms="11157" status="PASS">
          <reporter-output>
          </reporter-output>
        </test-method> <!-- UserCanSearchForProducts -->
        <test-method is-config="true" signature="screenshotOnFailure(org.testng.ITestResult)[pri:0, instance:tests.SearchProductTest@6a2b953e]" started-at="2023-01-24T11:27:43Z" name="screenshotOnFailure" finished-at="2023-01-24T11:27:43Z" duration-ms="1" status="PASS">
          <params>
            <param index="0">
              <value>
                <![CDATA[[TestResult name=UserCanSearchForProducts status=SUCCESS method=SearchProductTest.UserCanSearchForProducts()[pri:0, instance:tests.SearchProductTest@6a2b953e] output={null}]]]>
              </value>
            </param>
          </params>
          <reporter-output>
          </reporter-output>
        </test-method> <!-- screenshotOnFailure -->
      </class> <!-- tests.SearchProductTest -->
      <class name="tests.ContactUsTest">
        <test-method is-config="true" signature="startDriver(java.lang.String)[pri:0, instance:tests.ContactUsTest@2638011]" started-at="2023-01-24T11:27:08Z" name="startDriver" finished-at="2023-01-24T11:27:28Z" duration-ms="20194" status="PASS">
          <params>
            <param index="0">
              <value>
                <![CDATA[chrome]]>
              </value>
            </param>
          </params>
          <reporter-output>
          </reporter-output>
        </test-method> <!-- startDriver -->
        <test-method signature="UserCanUseContactUs()[pri:0, instance:tests.ContactUsTest@2638011]" started-at="2023-01-24T11:27:28Z" name="UserCanUseContactUs" finished-at="2023-01-24T11:27:32Z" duration-ms="4026" status="PASS">
          <reporter-output>
          </reporter-output>
        </test-method> <!-- UserCanUseContactUs -->
        <test-method is-config="true" signature="screenshotOnFailure(org.testng.ITestResult)[pri:0, instance:tests.ContactUsTest@2638011]" started-at="2023-01-24T11:27:32Z" name="screenshotOnFailure" finished-at="2023-01-24T11:27:32Z" duration-ms="3" status="PASS">
          <params>
            <param index="0">
              <value>
                <![CDATA[[TestResult name=UserCanUseContactUs status=SUCCESS method=ContactUsTest.UserCanUseContactUs()[pri:0, instance:tests.ContactUsTest@2638011] output={null}]]]>
              </value>
            </param>
          </params>
          <reporter-output>
          </reporter-output>
        </test-method> <!-- screenshotOnFailure -->
        <test-method is-config="true" signature="stopDriver()[pri:0, instance:tests.ContactUsTest@2638011]" started-at="2023-01-24T11:27:53Z" name="stopDriver" finished-at="2023-01-24T11:27:57Z" duration-ms="3712" status="PASS">
          <reporter-output>
          </reporter-output>
        </test-method> <!-- stopDriver -->
      </class> <!-- tests.ContactUsTest -->
    </test> <!-- Regression Test -->
  </suite> <!-- Regression Suite -->
</testng-results>
